SF:lib/src/generator_command.dart
DA:29,2
DA:30,1
DA:31,1
DA:32,1
DA:38,1
DA:41,1
DA:46,0
DA:49,1
DA:52,1
DA:55,1
DA:56,1
DA:58,2
DA:59,2
DA:62,1
DA:63,0
DA:70,1
DA:76,1
LF:17
LH:15
end_of_record
SF:lib/src/test_badge_manager.dart
DA:19,0
DA:30,2
DA:36,2
DA:39,2
DA:42,2
DA:45,2
DA:46,0
DA:49,2
DA:50,2
DA:51,1
DA:55,2
DA:58,2
DA:60,0
DA:63,2
DA:66,2
DA:67,2
DA:69,2
DA:72,2
DA:73,2
DA:78,4
DA:79,2
DA:80,2
DA:81,2
DA:82,6
DA:83,2
DA:88,2
DA:92,4
DA:95,2
DA:96,2
DA:97,2
DA:121,2
DA:124,2
DA:125,2
DA:127,0
DA:129,0
DA:131,0
LF:36
LH:30
end_of_record
